The target system is: Generic -  - 
The host system is: Linux - 4.14.0+ - armv7l
Compiling the C compiler identification source file "CMakeCCompilerId.c" succeeded.
Compiler: /opt/adapteva/esdk/tools/e-gnu.armv7l/bin/e-gcc 
Build flags: 
Id flags:  

The output was:
0


Compilation of the C compiler identification source "CMakeCCompilerId.c" produced "a.out"

The C compiler identification is GNU, found in "/home/parallella/parallel_arch/build/CMakeFiles/3.10.2/CompilerIdC/a.out"

Determining if the C compiler works passed with the following output:
Change Dir: /home/parallella/parallel_arch/build/CMakeFiles/CMakeTmp

Run Build Command:"/usr/bin/make" "cmTC_93003/fast"
/usr/bin/make -f CMakeFiles/cmTC_93003.dir/build.make CMakeFiles/cmTC_93003.dir/build
make[1]: Entering directory '/home/parallella/parallel_arch/build/CMakeFiles/CMakeTmp'
Building C object CMakeFiles/cmTC_93003.dir/testCCompiler.c.obj
/opt/adapteva/esdk/tools/e-gnu.armv7l/bin/e-gcc    -o CMakeFiles/cmTC_93003.dir/testCCompiler.c.obj   -c /home/parallella/parallel_arch/build/CMakeFiles/CMakeTmp/testCCompiler.c
Linking C executable cmTC_93003
/usr/bin/cmake -E cmake_link_script CMakeFiles/cmTC_93003.dir/link.txt --verbose=1
/opt/adapteva/esdk/tools/e-gnu.armv7l/bin/e-gcc      CMakeFiles/cmTC_93003.dir/testCCompiler.c.obj  -o cmTC_93003 
make[1]: Leaving directory '/home/parallella/parallel_arch/build/CMakeFiles/CMakeTmp'


Detecting C compiler ABI info compiled with the following output:
Change Dir: /home/parallella/parallel_arch/build/CMakeFiles/CMakeTmp

Run Build Command:"/usr/bin/make" "cmTC_fe1d3/fast"
/usr/bin/make -f CMakeFiles/cmTC_fe1d3.dir/build.make CMakeFiles/cmTC_fe1d3.dir/build
make[1]: Entering directory '/home/parallella/parallel_arch/build/CMakeFiles/CMakeTmp'
Building C object CMakeFiles/cmTC_fe1d3.dir/CMakeCCompilerABI.c.obj
/opt/adapteva/esdk/tools/e-gnu.armv7l/bin/e-gcc    -o CMakeFiles/cmTC_fe1d3.dir/CMakeCCompilerABI.c.obj   -c /usr/share/cmake-3.10/Modules/CMakeCCompilerABI.c
Linking C executable cmTC_fe1d3
/usr/bin/cmake -E cmake_link_script CMakeFiles/cmTC_fe1d3.dir/link.txt --verbose=1
/opt/adapteva/esdk/tools/e-gnu.armv7l/bin/e-gcc     -v CMakeFiles/cmTC_fe1d3.dir/CMakeCCompilerABI.c.obj  -o cmTC_fe1d3 
Using built-in specs.
COLLECT_GCC=/opt/adapteva/esdk/tools/e-gnu.armv7l/bin/e-gcc
COLLECT_LTO_WRAPPER=/opt/adapteva/esdk.2019.1/tools/e-gnu.armv7l/libexec/gcc/epiphany-elf/8.3.0/lto-wrapper
Target: epiphany-elf
Configured with: /home/esim/esdk-submodule/unisrc-2019.1/configure 'CFLAGS_FOR_TARGET=-fdebug-prefix-map=/home/esim/esdk-submodule=/opt/adapteva/esdk.2019.1/src -O2' 'CXXFLAGS_FOR_TARGET=-O2 -g' CFLAGS='-I/home/esim/esdk-submodule/builds/bd-armv7l-2019.1/staging/include -I/home/esim/esdk-submodule/esdk.2019.1//opt/adapteva/esdk.2019.1/tools/e-gnu.armv7l/include -fdebug-prefix-map=/home/esim/esdk-submodule=/opt/adapteva/esdk.2019.1/src -O2 -fPIC' CXXFLAGS='-I/home/esim/esdk-submodule/builds/bd-armv7l-2019.1/staging/include -I/home/esim/esdk-submodule/esdk.2019.1//opt/adapteva/esdk.2019.1/tools/e-gnu.armv7l/include -O2 -g -fPIC' --target=epiphany-elf --host=arm-linux-gnueabihf --with-pkgversion='Epiphany toolchain 2019.1' --with-bugurl=support-sdk@adapteva.com --enable-fast-install=N/A --enable-languages=c,c++ --prefix=/opt/adapteva/esdk.2019.1/tools/e-gnu.armv7l --with-newlib --disable-gdbtk --enable-cgen-maint --disable-werror
Thread model: single
gcc version 8.3.0 (Epiphany toolchain 2019.1) 
COMPILER_PATH=/opt/adapteva/esdk.2019.1/tools/e-gnu.armv7l/libexec/gcc/epiphany-elf/8.3.0/:/opt/adapteva/esdk.2019.1/tools/e-gnu.armv7l/libexec/gcc/epiphany-elf/8.3.0/:/opt/adapteva/esdk.2019.1/tools/e-gnu.armv7l/libexec/gcc/epiphany-elf/:/opt/adapteva/esdk.2019.1/tools/e-gnu.armv7l/lib/gcc/epiphany-elf/8.3.0/:/opt/adapteva/esdk.2019.1/tools/e-gnu.armv7l/lib/gcc/epiphany-elf/:/opt/adapteva/esdk.2019.1/tools/e-gnu.armv7l/lib/gcc/epiphany-elf/8.3.0/../../../../epiphany-elf/bin/
LIBRARY_PATH=/opt/adapteva/esdk.2019.1/tools/e-gnu.armv7l/lib/gcc/epiphany-elf/8.3.0/:/opt/adapteva/esdk.2019.1/tools/e-gnu.armv7l/lib/gcc/epiphany-elf/8.3.0/../../../../epiphany-elf/lib/
COLLECT_GCC_OPTIONS='-v' '-o' 'cmTC_fe1d3'
 /opt/adapteva/esdk.2019.1/tools/e-gnu.armv7l/libexec/gcc/epiphany-elf/8.3.0/collect2 -plugin /opt/adapteva/esdk.2019.1/tools/e-gnu.armv7l/libexec/gcc/epiphany-elf/8.3.0/liblto_plugin.so -plugin-opt=/opt/adapteva/esdk.2019.1/tools/e-gnu.armv7l/libexec/gcc/epiphany-elf/8.3.0/lto-wrapper -plugin-opt=-fresolution=/tmp/ccwk2Bjh.res -plugin-opt=-pass-through=-lgcc -plugin-opt=-pass-through=-lc -plugin-opt=-pass-through=-lepiphany -plugin-opt=-pass-through=-lc -plugin-opt=-pass-through=-lgcc -v -o cmTC_fe1d3 /opt/adapteva/esdk.2019.1/tools/e-gnu.armv7l/lib/gcc/epiphany-elf/8.3.0/../../../../epiphany-elf/lib/crt0.o /opt/adapteva/esdk.2019.1/tools/e-gnu.armv7l/lib/gcc/epiphany-elf/8.3.0/crti.o /opt/adapteva/esdk.2019.1/tools/e-gnu.armv7l/lib/gcc/epiphany-elf/8.3.0/crtbegin.o -L/opt/adapteva/esdk.2019.1/tools/e-gnu.armv7l/lib/gcc/epiphany-elf/8.3.0 -L/opt/adapteva/esdk.2019.1/tools/e-gnu.armv7l/lib/gcc/epiphany-elf/8.3.0/../../../../epiphany-elf/lib CMakeFiles/cmTC_fe1d3.dir/CMakeCCompilerABI.c.obj -lgcc -lc -lepiphany -lc -lgcc /opt/adapteva/esdk.2019.1/tools/e-gnu.armv7l/lib/gcc/epiphany-elf/8.3.0/crtend.o /opt/adapteva/esdk.2019.1/tools/e-gnu.armv7l/lib/gcc/epiphany-elf/8.3.0/crtn.o
collect2 version 8.3.0
/opt/adapteva/esdk.2019.1/tools/e-gnu.armv7l/lib/gcc/epiphany-elf/8.3.0/../../../../epiphany-elf/bin/ld -plugin /opt/adapteva/esdk.2019.1/tools/e-gnu.armv7l/libexec/gcc/epiphany-elf/8.3.0/liblto_plugin.so -plugin-opt=/opt/adapteva/esdk.2019.1/tools/e-gnu.armv7l/libexec/gcc/epiphany-elf/8.3.0/lto-wrapper -plugin-opt=-fresolution=/tmp/ccwk2Bjh.res -plugin-opt=-pass-through=-lgcc -plugin-opt=-pass-through=-lc -plugin-opt=-pass-through=-lepiphany -plugin-opt=-pass-through=-lc -plugin-opt=-pass-through=-lgcc -v -o cmTC_fe1d3 /opt/adapteva/esdk.2019.1/tools/e-gnu.armv7l/lib/gcc/epiphany-elf/8.3.0/../../../../epiphany-elf/lib/crt0.o /opt/adapteva/esdk.2019.1/tools/e-gnu.armv7l/lib/gcc/epiphany-elf/8.3.0/crti.o /opt/adapteva/esdk.2019.1/tools/e-gnu.armv7l/lib/gcc/epiphany-elf/8.3.0/crtbegin.o -L/opt/adapteva/esdk.2019.1/tools/e-gnu.armv7l/lib/gcc/epiphany-elf/8.3.0 -L/opt/adapteva/esdk.2019.1/tools/e-gnu.armv7l/lib/gcc/epiphany-elf/8.3.0/../../../../epiphany-elf/lib CMakeFiles/cmTC_fe1d3.dir/CMakeCCompilerABI.c.obj -lgcc -lc -lepiphany -lc -lgcc /opt/adapteva/esdk.2019.1/tools/e-gnu.armv7l/lib/gcc/epiphany-elf/8.3.0/crtend.o /opt/adapteva/esdk.2019.1/tools/e-gnu.armv7l/lib/gcc/epiphany-elf/8.3.0/crtn.o
GNU ld (Epiphany toolchain 2019.1) 2.32
COLLECT_GCC_OPTIONS='-v' '-o' 'cmTC_fe1d3'
make[1]: Leaving directory '/home/parallella/parallel_arch/build/CMakeFiles/CMakeTmp'


Parsed C implicit link information from above output:
  link line regex: [^( *|.*[/\])(e-ld|CMAKE_LINK_STARTFILE-NOTFOUND|([^/\]+-)?ld|collect2)[^/\]*( |$)]
  ignore line: [Change Dir: /home/parallella/parallel_arch/build/CMakeFiles/CMakeTmp]
  ignore line: []
  ignore line: [Run Build Command:"/usr/bin/make" "cmTC_fe1d3/fast"]
  ignore line: [/usr/bin/make -f CMakeFiles/cmTC_fe1d3.dir/build.make CMakeFiles/cmTC_fe1d3.dir/build]
  ignore line: [make[1]: Entering directory '/home/parallella/parallel_arch/build/CMakeFiles/CMakeTmp']
  ignore line: [Building C object CMakeFiles/cmTC_fe1d3.dir/CMakeCCompilerABI.c.obj]
  ignore line: [/opt/adapteva/esdk/tools/e-gnu.armv7l/bin/e-gcc    -o CMakeFiles/cmTC_fe1d3.dir/CMakeCCompilerABI.c.obj   -c /usr/share/cmake-3.10/Modules/CMakeCCompilerABI.c]
  ignore line: [Linking C executable cmTC_fe1d3]
  ignore line: [/usr/bin/cmake -E cmake_link_script CMakeFiles/cmTC_fe1d3.dir/link.txt --verbose=1]
  ignore line: [/opt/adapteva/esdk/tools/e-gnu.armv7l/bin/e-gcc     -v CMakeFiles/cmTC_fe1d3.dir/CMakeCCompilerABI.c.obj  -o cmTC_fe1d3 ]
  ignore line: [Using built-in specs.]
  ignore line: [COLLECT_GCC=/opt/adapteva/esdk/tools/e-gnu.armv7l/bin/e-gcc]
  ignore line: [COLLECT_LTO_WRAPPER=/opt/adapteva/esdk.2019.1/tools/e-gnu.armv7l/libexec/gcc/epiphany-elf/8.3.0/lto-wrapper]
  ignore line: [Target: epiphany-elf]
  ignore line: [Configured with: /home/esim/esdk-submodule/unisrc-2019.1/configure 'CFLAGS_FOR_TARGET=-fdebug-prefix-map=/home/esim/esdk-submodule=/opt/adapteva/esdk.2019.1/src -O2' 'CXXFLAGS_FOR_TARGET=-O2 -g' CFLAGS='-I/home/esim/esdk-submodule/builds/bd-armv7l-2019.1/staging/include -I/home/esim/esdk-submodule/esdk.2019.1//opt/adapteva/esdk.2019.1/tools/e-gnu.armv7l/include -fdebug-prefix-map=/home/esim/esdk-submodule=/opt/adapteva/esdk.2019.1/src -O2 -fPIC' CXXFLAGS='-I/home/esim/esdk-submodule/builds/bd-armv7l-2019.1/staging/include -I/home/esim/esdk-submodule/esdk.2019.1//opt/adapteva/esdk.2019.1/tools/e-gnu.armv7l/include -O2 -g -fPIC' --target=epiphany-elf --host=arm-linux-gnueabihf --with-pkgversion='Epiphany toolchain 2019.1' --with-bugurl=support-sdk@adapteva.com --enable-fast-install=N/A --enable-languages=c,c++ --prefix=/opt/adapteva/esdk.2019.1/tools/e-gnu.armv7l --with-newlib --disable-gdbtk --enable-cgen-maint --disable-werror]
  ignore line: [Thread model: single]
  ignore line: [gcc version 8.3.0 (Epiphany toolchain 2019.1) ]
  ignore line: [COMPILER_PATH=/opt/adapteva/esdk.2019.1/tools/e-gnu.armv7l/libexec/gcc/epiphany-elf/8.3.0/:/opt/adapteva/esdk.2019.1/tools/e-gnu.armv7l/libexec/gcc/epiphany-elf/8.3.0/:/opt/adapteva/esdk.2019.1/tools/e-gnu.armv7l/libexec/gcc/epiphany-elf/:/opt/adapteva/esdk.2019.1/tools/e-gnu.armv7l/lib/gcc/epiphany-elf/8.3.0/:/opt/adapteva/esdk.2019.1/tools/e-gnu.armv7l/lib/gcc/epiphany-elf/:/opt/adapteva/esdk.2019.1/tools/e-gnu.armv7l/lib/gcc/epiphany-elf/8.3.0/../../../../epiphany-elf/bin/]
  ignore line: [LIBRARY_PATH=/opt/adapteva/esdk.2019.1/tools/e-gnu.armv7l/lib/gcc/epiphany-elf/8.3.0/:/opt/adapteva/esdk.2019.1/tools/e-gnu.armv7l/lib/gcc/epiphany-elf/8.3.0/../../../../epiphany-elf/lib/]
  ignore line: [COLLECT_GCC_OPTIONS='-v' '-o' 'cmTC_fe1d3']
  link line: [ /opt/adapteva/esdk.2019.1/tools/e-gnu.armv7l/libexec/gcc/epiphany-elf/8.3.0/collect2 -plugin /opt/adapteva/esdk.2019.1/tools/e-gnu.armv7l/libexec/gcc/epiphany-elf/8.3.0/liblto_plugin.so -plugin-opt=/opt/adapteva/esdk.2019.1/tools/e-gnu.armv7l/libexec/gcc/epiphany-elf/8.3.0/lto-wrapper -plugin-opt=-fresolution=/tmp/ccwk2Bjh.res -plugin-opt=-pass-through=-lgcc -plugin-opt=-pass-through=-lc -plugin-opt=-pass-through=-lepiphany -plugin-opt=-pass-through=-lc -plugin-opt=-pass-through=-lgcc -v -o cmTC_fe1d3 /opt/adapteva/esdk.2019.1/tools/e-gnu.armv7l/lib/gcc/epiphany-elf/8.3.0/../../../../epiphany-elf/lib/crt0.o /opt/adapteva/esdk.2019.1/tools/e-gnu.armv7l/lib/gcc/epiphany-elf/8.3.0/crti.o /opt/adapteva/esdk.2019.1/tools/e-gnu.armv7l/lib/gcc/epiphany-elf/8.3.0/crtbegin.o -L/opt/adapteva/esdk.2019.1/tools/e-gnu.armv7l/lib/gcc/epiphany-elf/8.3.0 -L/opt/adapteva/esdk.2019.1/tools/e-gnu.armv7l/lib/gcc/epiphany-elf/8.3.0/../../../../epiphany-elf/lib CMakeFiles/cmTC_fe1d3.dir/CMakeCCompilerABI.c.obj -lgcc -lc -lepiphany -lc -lgcc /opt/adapteva/esdk.2019.1/tools/e-gnu.armv7l/lib/gcc/epiphany-elf/8.3.0/crtend.o /opt/adapteva/esdk.2019.1/tools/e-gnu.armv7l/lib/gcc/epiphany-elf/8.3.0/crtn.o]
    arg [/opt/adapteva/esdk.2019.1/tools/e-gnu.armv7l/libexec/gcc/epiphany-elf/8.3.0/collect2] ==> ignore
    arg [-plugin] ==> ignore
    arg [/opt/adapteva/esdk.2019.1/tools/e-gnu.armv7l/libexec/gcc/epiphany-elf/8.3.0/liblto_plugin.so] ==> ignore
    arg [-plugin-opt=/opt/adapteva/esdk.2019.1/tools/e-gnu.armv7l/libexec/gcc/epiphany-elf/8.3.0/lto-wrapper] ==> ignore
    arg [-plugin-opt=-fresolution=/tmp/ccwk2Bjh.res] ==> ignore
    arg [-plugin-opt=-pass-through=-lgcc] ==> ignore
    arg [-plugin-opt=-pass-through=-lc] ==> ignore
    arg [-plugin-opt=-pass-through=-lepiphany] ==> ignore
    arg [-plugin-opt=-pass-through=-lc] ==> ignore
    arg [-plugin-opt=-pass-through=-lgcc] ==> ignore
    arg [-v] ==> ignore
    arg [-o] ==> ignore
    arg [cmTC_fe1d3] ==> ignore
    arg [/opt/adapteva/esdk.2019.1/tools/e-gnu.armv7l/lib/gcc/epiphany-elf/8.3.0/../../../../epiphany-elf/lib/crt0.o] ==> ignore
    arg [/opt/adapteva/esdk.2019.1/tools/e-gnu.armv7l/lib/gcc/epiphany-elf/8.3.0/crti.o] ==> ignore
    arg [/opt/adapteva/esdk.2019.1/tools/e-gnu.armv7l/lib/gcc/epiphany-elf/8.3.0/crtbegin.o] ==> ignore
    arg [-L/opt/adapteva/esdk.2019.1/tools/e-gnu.armv7l/lib/gcc/epiphany-elf/8.3.0] ==> dir [/opt/adapteva/esdk.2019.1/tools/e-gnu.armv7l/lib/gcc/epiphany-elf/8.3.0]
    arg [-L/opt/adapteva/esdk.2019.1/tools/e-gnu.armv7l/lib/gcc/epiphany-elf/8.3.0/../../../../epiphany-elf/lib] ==> dir [/opt/adapteva/esdk.2019.1/tools/e-gnu.armv7l/lib/gcc/epiphany-elf/8.3.0/../../../../epiphany-elf/lib]
    arg [CMakeFiles/cmTC_fe1d3.dir/CMakeCCompilerABI.c.obj] ==> ignore
    arg [-lgcc] ==> lib [gcc]
    arg [-lc] ==> lib [c]
    arg [-lepiphany] ==> lib [epiphany]
    arg [-lc] ==> lib [c]
    arg [-lgcc] ==> lib [gcc]
    arg [/opt/adapteva/esdk.2019.1/tools/e-gnu.armv7l/lib/gcc/epiphany-elf/8.3.0/crtend.o] ==> ignore
    arg [/opt/adapteva/esdk.2019.1/tools/e-gnu.armv7l/lib/gcc/epiphany-elf/8.3.0/crtn.o] ==> ignore
  collapse library dir [/opt/adapteva/esdk.2019.1/tools/e-gnu.armv7l/lib/gcc/epiphany-elf/8.3.0] ==> [/opt/adapteva/esdk.2019.1/tools/e-gnu.armv7l/lib/gcc/epiphany-elf/8.3.0]
  collapse library dir [/opt/adapteva/esdk.2019.1/tools/e-gnu.armv7l/lib/gcc/epiphany-elf/8.3.0/../../../../epiphany-elf/lib] ==> [/opt/adapteva/esdk.2019.1/tools/e-gnu.armv7l/epiphany-elf/lib]
  implicit libs: [gcc;c;epiphany;c;gcc]
  implicit dirs: [/opt/adapteva/esdk.2019.1/tools/e-gnu.armv7l/lib/gcc/epiphany-elf/8.3.0;/opt/adapteva/esdk.2019.1/tools/e-gnu.armv7l/epiphany-elf/lib]
  implicit fwks: []




Detecting C [-std=c11] compiler features compiled with the following output:
Change Dir: /home/parallella/parallel_arch/build/CMakeFiles/CMakeTmp

Run Build Command:"/usr/bin/make" "cmTC_4ca7b/fast"
/usr/bin/make -f CMakeFiles/cmTC_4ca7b.dir/build.make CMakeFiles/cmTC_4ca7b.dir/build
make[1]: Entering directory '/home/parallella/parallel_arch/build/CMakeFiles/CMakeTmp'
Building C object CMakeFiles/cmTC_4ca7b.dir/feature_tests.c.obj
/opt/adapteva/esdk/tools/e-gnu.armv7l/bin/e-gcc   -std=c11 -o CMakeFiles/cmTC_4ca7b.dir/feature_tests.c.obj   -c /home/parallella/parallel_arch/build/CMakeFiles/feature_tests.c
Linking C executable cmTC_4ca7b
/usr/bin/cmake -E cmake_link_script CMakeFiles/cmTC_4ca7b.dir/link.txt --verbose=1
/opt/adapteva/esdk/tools/e-gnu.armv7l/bin/e-gcc      CMakeFiles/cmTC_4ca7b.dir/feature_tests.c.obj  -o cmTC_4ca7b 
make[1]: Leaving directory '/home/parallella/parallel_arch/build/CMakeFiles/CMakeTmp'


    Feature record: C_FEATURE:1c_function_prototypes
    Feature record: C_FEATURE:1c_restrict
    Feature record: C_FEATURE:1c_static_assert
    Feature record: C_FEATURE:1c_variadic_macros


Detecting C [-std=c99] compiler features compiled with the following output:
Change Dir: /home/parallella/parallel_arch/build/CMakeFiles/CMakeTmp

Run Build Command:"/usr/bin/make" "cmTC_6cfc7/fast"
/usr/bin/make -f CMakeFiles/cmTC_6cfc7.dir/build.make CMakeFiles/cmTC_6cfc7.dir/build
make[1]: Entering directory '/home/parallella/parallel_arch/build/CMakeFiles/CMakeTmp'
Building C object CMakeFiles/cmTC_6cfc7.dir/feature_tests.c.obj
/opt/adapteva/esdk/tools/e-gnu.armv7l/bin/e-gcc   -std=c99 -o CMakeFiles/cmTC_6cfc7.dir/feature_tests.c.obj   -c /home/parallella/parallel_arch/build/CMakeFiles/feature_tests.c
Linking C executable cmTC_6cfc7
/usr/bin/cmake -E cmake_link_script CMakeFiles/cmTC_6cfc7.dir/link.txt --verbose=1
/opt/adapteva/esdk/tools/e-gnu.armv7l/bin/e-gcc      CMakeFiles/cmTC_6cfc7.dir/feature_tests.c.obj  -o cmTC_6cfc7 
make[1]: Leaving directory '/home/parallella/parallel_arch/build/CMakeFiles/CMakeTmp'


    Feature record: C_FEATURE:1c_function_prototypes
    Feature record: C_FEATURE:1c_restrict
    Feature record: C_FEATURE:0c_static_assert
    Feature record: C_FEATURE:1c_variadic_macros


Detecting C [-std=c90] compiler features compiled with the following output:
Change Dir: /home/parallella/parallel_arch/build/CMakeFiles/CMakeTmp

Run Build Command:"/usr/bin/make" "cmTC_4f30d/fast"
/usr/bin/make -f CMakeFiles/cmTC_4f30d.dir/build.make CMakeFiles/cmTC_4f30d.dir/build
make[1]: Entering directory '/home/parallella/parallel_arch/build/CMakeFiles/CMakeTmp'
Building C object CMakeFiles/cmTC_4f30d.dir/feature_tests.c.obj
/opt/adapteva/esdk/tools/e-gnu.armv7l/bin/e-gcc   -std=c90 -o CMakeFiles/cmTC_4f30d.dir/feature_tests.c.obj   -c /home/parallella/parallel_arch/build/CMakeFiles/feature_tests.c
Linking C executable cmTC_4f30d
/usr/bin/cmake -E cmake_link_script CMakeFiles/cmTC_4f30d.dir/link.txt --verbose=1
/opt/adapteva/esdk/tools/e-gnu.armv7l/bin/e-gcc      CMakeFiles/cmTC_4f30d.dir/feature_tests.c.obj  -o cmTC_4f30d 
make[1]: Leaving directory '/home/parallella/parallel_arch/build/CMakeFiles/CMakeTmp'


    Feature record: C_FEATURE:1c_function_prototypes
    Feature record: C_FEATURE:0c_restrict
    Feature record: C_FEATURE:0c_static_assert
    Feature record: C_FEATURE:0c_variadic_macros
